c:\project\fcep1\futurecallingep1\x64\debug\vc143.pdb
c:\project\fcep1\futurecallingep1\x64\debug\vc143.idb
c:\project\fcep1\futurecallingep1\x64\debug\statetest1.obj
c:\project\fcep1\futurecallingep1\x64\debug\statede1.obj
c:\project\fcep1\futurecallingep1\x64\debug\futurecallingep1.obj
c:\project\fcep1\futurecallingep1\x64\debug\fcep1.obj
c:\project\fcep1\futurecallingep1\x64\debug\microsoft\stl\std.ixx.ifc
c:\project\fcep1\futurecallingep1\x64\debug\microsoft\stl\std.ixx.ifc.d.json
c:\project\fcep1\futurecallingep1\x64\debug\microsoft\stl\std.ixx.obj
c:\project\fcep1\futurecallingep1\x64\debug\microsoft\stl\std.compat.ixx.ifc
c:\project\fcep1\futurecallingep1\x64\debug\microsoft\stl\std.compat.ixx.ifc.d.json
c:\project\fcep1\futurecallingep1\x64\debug\microsoft\stl\std.compat.ixx.obj
c:\project\fcep1\futurecallingep1\x64\debug\microsoft\stl\std.ixx.module.json
c:\project\fcep1\futurecallingep1\x64\debug\microsoft\stl\std.compat.ixx.module.json
c:\project\fcep1\futureengine\x64\debug\futurecallingep1.pdb
c:\project\fcep1\futurecallingep1\x64\debug\futurecallingep1.tlog\cl.command.1.tlog
c:\project\fcep1\futurecallingep1\x64\debug\futurecallingep1.tlog\cl.read.1.tlog
c:\project\fcep1\futurecallingep1\x64\debug\futurecallingep1.tlog\cl.write.1.tlog
c:\project\fcep1\futurecallingep1\x64\debug\futurecallingep1.tlog\link-cvtres.read.1.tlog
c:\project\fcep1\futurecallingep1\x64\debug\futurecallingep1.tlog\link-cvtres.write.1.tlog
c:\project\fcep1\futurecallingep1\x64\debug\futurecallingep1.tlog\link-rc.read.1.tlog
c:\project\fcep1\futurecallingep1\x64\debug\futurecallingep1.tlog\link-rc.write.1.tlog
c:\project\fcep1\futurecallingep1\x64\debug\futurecallingep1.tlog\link.command.1.tlog
c:\project\fcep1\futurecallingep1\x64\debug\futurecallingep1.tlog\link.read.1.tlog
c:\project\fcep1\futurecallingep1\x64\debug\futurecallingep1.tlog\link.read.2.tlog
c:\project\fcep1\futurecallingep1\x64\debug\futurecallingep1.tlog\link.write.1.tlog
c:\project\fcep1\futurecallingep1\x64\debug\futurecallingep1_md.tlog\cl.command.1.tlog
c:\project\fcep1\futurecallingep1\x64\debug\futurecallingep1_md.tlog\microsoft.build.cpptasks.cl.read.1.tlog
c:\project\fcep1\futurecallingep1\x64\debug\futurecallingep1_md.tlog\microsoft.build.cpptasks.cl.write.1.tlog
