  FCEp1.cpp
  FutureCallingEp1.cpp
  StateDE1.cpp
C:\project\FCEp1\FutureCallingEp1\StateDE1.cpp(46,87): warning C4244: 'argument': conversion from 'int' to 'float', possible loss of data
C:\project\FCEp1\FutureCallingEp1\StateDE1.cpp(47,89): warning C4244: 'argument': conversion from 'int' to 'float', possible loss of data
  StateTest1.cpp
C:\project\FCEp1\FutureEngine\GameTile.h(43,28): warning C4267: 'return': conversion from 'size_t' to 'int', possible loss of data
  (compiling source file 'StateTest1.cpp')
  
C:\project\FCEp1\FutureCallingEp1\StateTest1.cpp(24,10): warning C4067: unexpected tokens following preprocessor directive - expected a newline
C:\project\FCEp1\FutureEngine\IVerticalScroller.h(215,19): warning C4244: '=': conversion from 'double' to 'float', possible loss of data
  (compiling source file 'StateTest1.cpp')
  
C:\project\FCEp1\FutureEngine\IHorizontalScroller.h(183,19): warning C4244: '=': conversion from 'double' to 'float', possible loss of data
  (compiling source file 'StateTest1.cpp')
  
C:\project\FCEp1\FutureEngine\ISizebox.h(92,13): warning C4244: 'argument': conversion from 'float' to 'int', possible loss of data
  (compiling source file 'StateTest1.cpp')
  
C:\project\FCEp1\FutureEngine\ISizebox.h(91,13): warning C4244: 'argument': conversion from 'float' to 'int', possible loss of data
  (compiling source file 'StateTest1.cpp')
  
C:\project\FCEp1\FutureEngine\ISizebox.h(90,22): warning C4244: 'argument': conversion from 'T' to 'int', possible loss of data
C:\project\FCEp1\FutureEngine\ISizebox.h(90,22): warning C4244:         with
C:\project\FCEp1\FutureEngine\ISizebox.h(90,22): warning C4244:         [
C:\project\FCEp1\FutureEngine\ISizebox.h(90,22): warning C4244:             T=float
C:\project\FCEp1\FutureEngine\ISizebox.h(90,22): warning C4244:         ]
  (compiling source file 'StateTest1.cpp')
  
C:\project\FCEp1\FutureEngine\ISizebox.h(89,22): warning C4244: 'argument': conversion from 'T' to 'int', possible loss of data
C:\project\FCEp1\FutureEngine\ISizebox.h(89,22): warning C4244:         with
C:\project\FCEp1\FutureEngine\ISizebox.h(89,22): warning C4244:         [
C:\project\FCEp1\FutureEngine\ISizebox.h(89,22): warning C4244:             T=float
C:\project\FCEp1\FutureEngine\ISizebox.h(89,22): warning C4244:         ]
  (compiling source file 'StateTest1.cpp')
  
  Generating code
  Compiler switch has changed, fall back to full compilation.
  All 5214 functions were compiled because no usable IPDB/IOBJ from previous compilation was found.
  Finished generating code
FutureEngine.lib(ftbase.obj) : warning LNK4099: PDB '' was not found with 'FutureEngine.lib(ftbase.obj)' or at ''; linking object as if no debug info
FutureEngine.lib(ftinit.obj) : warning LNK4099: PDB '' was not found with 'FutureEngine.lib(ftinit.obj)' or at ''; linking object as if no debug info
FutureEngine.lib(ftsystem.obj) : warning LNK4099: PDB '' was not found with 'FutureEngine.lib(ftsystem.obj)' or at ''; linking object as if no debug info
FutureEngine.lib(autofit.obj) : warning LNK4099: PDB '' was not found with 'FutureEngine.lib(autofit.obj)' or at ''; linking object as if no debug info
FutureEngine.lib(truetype.obj) : warning LNK4099: PDB '' was not found with 'FutureEngine.lib(truetype.obj)' or at ''; linking object as if no debug info
FutureEngine.lib(type1.obj) : warning LNK4099: PDB '' was not found with 'FutureEngine.lib(type1.obj)' or at ''; linking object as if no debug info
FutureEngine.lib(cff.obj) : warning LNK4099: PDB '' was not found with 'FutureEngine.lib(cff.obj)' or at ''; linking object as if no debug info
FutureEngine.lib(type1cid.obj) : warning LNK4099: PDB '' was not found with 'FutureEngine.lib(type1cid.obj)' or at ''; linking object as if no debug info
FutureEngine.lib(pfr.obj) : warning LNK4099: PDB '' was not found with 'FutureEngine.lib(pfr.obj)' or at ''; linking object as if no debug info
FutureEngine.lib(type42.obj) : warning LNK4099: PDB '' was not found with 'FutureEngine.lib(type42.obj)' or at ''; linking object as if no debug info
FutureEngine.lib(winfnt.obj) : warning LNK4099: PDB '' was not found with 'FutureEngine.lib(winfnt.obj)' or at ''; linking object as if no debug info
FutureEngine.lib(pcf.obj) : warning LNK4099: PDB '' was not found with 'FutureEngine.lib(pcf.obj)' or at ''; linking object as if no debug info
FutureEngine.lib(bdf.obj) : warning LNK4099: PDB '' was not found with 'FutureEngine.lib(bdf.obj)' or at ''; linking object as if no debug info
FutureEngine.lib(psaux.obj) : warning LNK4099: PDB '' was not found with 'FutureEngine.lib(psaux.obj)' or at ''; linking object as if no debug info
FutureEngine.lib(psmodule.obj) : warning LNK4099: PDB '' was not found with 'FutureEngine.lib(psmodule.obj)' or at ''; linking object as if no debug info
FutureEngine.lib(pshinter.obj) : warning LNK4099: PDB '' was not found with 'FutureEngine.lib(pshinter.obj)' or at ''; linking object as if no debug info
FutureEngine.lib(sfnt.obj) : warning LNK4099: PDB '' was not found with 'FutureEngine.lib(sfnt.obj)' or at ''; linking object as if no debug info
FutureEngine.lib(smooth.obj) : warning LNK4099: PDB '' was not found with 'FutureEngine.lib(smooth.obj)' or at ''; linking object as if no debug info
FutureEngine.lib(raster.obj) : warning LNK4099: PDB '' was not found with 'FutureEngine.lib(raster.obj)' or at ''; linking object as if no debug info
FutureEngine.lib(sdf.obj) : warning LNK4099: PDB '' was not found with 'FutureEngine.lib(sdf.obj)' or at ''; linking object as if no debug info
FutureEngine.lib(svg.obj) : warning LNK4099: PDB '' was not found with 'FutureEngine.lib(svg.obj)' or at ''; linking object as if no debug info
FutureEngine.lib(ftmm.obj) : warning LNK4099: PDB '' was not found with 'FutureEngine.lib(ftmm.obj)' or at ''; linking object as if no debug info
FutureEngine.lib(ftgzip.obj) : warning LNK4099: PDB '' was not found with 'FutureEngine.lib(ftgzip.obj)' or at ''; linking object as if no debug info
FutureEngine.lib(ftlzw.obj) : warning LNK4099: PDB '' was not found with 'FutureEngine.lib(ftlzw.obj)' or at ''; linking object as if no debug info
FutureEngine.lib(ftbitmap.obj) : warning LNK4099: PDB '' was not found with 'FutureEngine.lib(ftbitmap.obj)' or at ''; linking object as if no debug info
FutureEngine.lib(ftdebug.obj) : warning LNK4099: PDB '' was not found with 'FutureEngine.lib(ftdebug.obj)' or at ''; linking object as if no debug info
  FutureCallingEp1.vcxproj -> C:\project\FCEp1\FutureEngine\x64\Release\FutureCallingEp1.exe
